17:32:08.883 INFO  [main] r.v.s.SubscriptionServiceApplication - Starting SubscriptionServiceApplication using Java 17.0.13 with PID 118102 (/home/perepe1ka/IdeaProjects/subscription-service/target/classes started by perepe1ka in /home/perepe1ka/IdeaProjects/subscription-service)
17:32:08.886 DEBUG [main] r.v.s.SubscriptionServiceApplication - Running with Spring Boot v3.4.5, Spring v6.2.6
17:32:08.888 INFO  [main] r.v.s.SubscriptionServiceApplication - No active profile set, falling back to 1 default profile: "default"
17:32:09.943 INFO  [main] o.s.d.r.c.RepositoryConfigurationDelegate - Bootstrapping Spring Data JPA repositories in DEFAULT mode.
17:32:10.065 INFO  [main] o.s.d.r.c.RepositoryConfigurationDelegate - Finished Spring Data repository scanning in 98 ms. Found 2 JPA repository interfaces.
17:32:10.820 INFO  [main] o.s.b.w.e.tomcat.TomcatWebServer - Tomcat initialized with port 8086 (http)
17:32:10.840 INFO  [main] o.a.coyote.http11.Http11NioProtocol - Initializing ProtocolHandler ["http-nio-8086"]
17:32:10.843 INFO  [main] o.a.catalina.core.StandardService - Starting service [Tomcat]
17:32:10.843 INFO  [main] o.a.catalina.core.StandardEngine - Starting Servlet engine: [Apache Tomcat/10.1.40]
17:32:10.938 INFO  [main] o.a.c.c.C.[Tomcat].[localhost].[/] - Initializing Spring embedded WebApplicationContext
17:32:10.938 INFO  [main] o.s.b.w.s.c.ServletWebServerApplicationContext - Root WebApplicationContext: initialization completed in 1971 ms
17:32:11.277 INFO  [main] o.h.jpa.internal.util.LogHelper - HHH000204: Processing PersistenceUnitInfo [name: default]
17:32:11.366 INFO  [main] org.hibernate.Version - HHH000412: Hibernate ORM core version 6.6.13.Final
17:32:11.427 INFO  [main] o.h.c.i.RegionFactoryInitiator - HHH000026: Second-level cache disabled
17:32:11.910 INFO  [main] o.s.o.j.p.SpringPersistenceUnitInfo - No LoadTimeWeaver setup: ignoring JPA class transformer
17:32:11.966 INFO  [main] com.zaxxer.hikari.HikariDataSource - HikariPool-1 - Starting...
17:32:12.490 INFO  [main] com.zaxxer.hikari.pool.HikariPool - HikariPool-1 - Added connection org.postgresql.jdbc.PgConnection@12670e55
17:32:12.493 INFO  [main] com.zaxxer.hikari.HikariDataSource - HikariPool-1 - Start completed.
17:32:12.579 WARN  [main] org.hibernate.orm.deprecation - HHH90000025: PostgreSQLDialect does not need to be specified explicitly using 'hibernate.dialect' (remove the property setting and it will be selected by default)
17:32:12.618 INFO  [main] o.hibernate.orm.connections.pooling - HHH10001005: Database info:
	Database JDBC URL [Connecting through datasource 'HikariDataSource (HikariPool-1)']
	Database driver: undefined/unknown
	Database version: 16.8
	Autocommit mode: undefined/unknown
	Isolation level: undefined/unknown
	Minimum pool size: undefined/unknown
	Maximum pool size: undefined/unknown
17:32:14.007 INFO  [main] o.h.e.t.j.p.i.JtaPlatformInitiator - HHH000489: No JTA platform available (set 'hibernate.transaction.jta.platform' to enable JTA platform integration)
17:32:14.095 INFO  [main] o.s.o.j.LocalContainerEntityManagerFactoryBean - Initialized JPA EntityManagerFactory for persistence unit 'default'
17:32:14.555 INFO  [main] o.s.d.j.r.query.QueryEnhancerFactory - Hibernate is in classpath; If applicable, HQL parser will be used.
17:32:15.535 WARN  [main] o.s.b.a.o.j.JpaBaseConfiguration$JpaWebConfiguration - spring.jpa.open-in-view is enabled by default. Therefore, database queries may be performed during view rendering. Explicitly configure spring.jpa.open-in-view to disable this warning
17:32:16.011 INFO  [main] o.a.coyote.http11.Http11NioProtocol - Starting ProtocolHandler ["http-nio-8086"]
17:32:16.034 INFO  [main] o.s.b.w.e.tomcat.TomcatWebServer - Tomcat started on port 8086 (http) with context path '/'
17:32:16.046 INFO  [main] r.v.s.SubscriptionServiceApplication - Started SubscriptionServiceApplication in 8.376 seconds (process running for 9.448)
17:32:19.514 INFO  [http-nio-8086-exec-2] o.a.c.c.C.[Tomcat].[localhost].[/] - Initializing Spring DispatcherServlet 'dispatcherServlet'
17:32:19.514 INFO  [http-nio-8086-exec-2] o.s.web.servlet.DispatcherServlet - Initializing Servlet 'dispatcherServlet'
17:32:19.516 INFO  [http-nio-8086-exec-2] o.s.web.servlet.DispatcherServlet - Completed initialization in 2 ms
17:32:19.598 INFO  [http-nio-8086-exec-2] r.v.s.c.SubscriptionController - GET /subscriptions/top?limit=3
17:32:19.608 DEBUG [http-nio-8086-exec-2] r.v.s.s.impl.SubscriptionServiceImpl - Fetching TOP 3 subscriptions
17:32:19.688 DEBUG [http-nio-8086-exec-2] org.hibernate.SQL - 
    select
        s1_0.service_name,
        count(s1_0.uuid) 
    from
        subscriptions s1_0 
    group by
        s1_0.service_name 
    order by
        count(s1_0.uuid) desc 
    fetch
        first ? rows only
17:33:14.770 INFO  [SpringApplicationShutdownHook] o.s.b.w.e.tomcat.GracefulShutdown - Commencing graceful shutdown. Waiting for active requests to complete
17:33:14.773 INFO  [tomcat-shutdown] o.s.b.w.e.tomcat.GracefulShutdown - Graceful shutdown complete
17:33:14.778 INFO  [SpringApplicationShutdownHook] o.s.o.j.LocalContainerEntityManagerFactoryBean - Closing JPA EntityManagerFactory for persistence unit 'default'
17:33:14.782 INFO  [SpringApplicationShutdownHook] com.zaxxer.hikari.HikariDataSource - HikariPool-1 - Shutdown initiated...
17:33:14.796 INFO  [SpringApplicationShutdownHook] com.zaxxer.hikari.HikariDataSource - HikariPool-1 - Shutdown completed.
